{"/Users/mac/hacktiv8/phase3/week2/react-native-challenge/components/Loading.js": {"path":"/Users/mac/hacktiv8/phase3/week2/react-native-challenge/components/Loading.js","statementMap":{"0":{"start":{"line":5,"column":2},"end":{"line":9,"column":4}},"1":{"start":{"line":12,"column":15},"end":{"line":22,"column":2}}},"fnMap":{"0":{"name":"Loading","decl":{"start":{"line":4,"column":9},"end":{"line":4,"column":16}},"loc":{"start":{"line":4,"column":24},"end":{"line":11,"column":1}},"line":4}},"branchMap":{},"s":{"0":1,"1":4},"f":{"0":1},"b":{},"_coverageSchema":"332fd63041d2c1bcb487cc26dd0d5f7d97098a6c","hash":"4d3137768bd8b993bfecf1854cf5f7d5f68c6aea"}
,"/Users/mac/hacktiv8/phase3/week2/react-native-challenge/components/SearchForm.js": {"path":"/Users/mac/hacktiv8/phase3/week2/react-native-challenge/components/SearchForm.js","statementMap":{"0":{"start":{"line":12,"column":4},"end":{"line":12,"column":17}},"1":{"start":{"line":16,"column":4},"end":{"line":41,"column":6}},"2":{"start":{"line":20,"column":34},"end":{"line":20,"column":55}},"3":{"start":{"line":27,"column":25},"end":{"line":27,"column":65}},"4":{"start":{"line":35,"column":14},"end":{"line":35,"column":38}},"5":{"start":{"line":36,"column":14},"end":{"line":36,"column":41}},"6":{"start":{"line":45,"column":27},"end":{"line":45,"column":98}},"7":{"start":{"line":45,"column":39},"end":{"line":45,"column":98}}},"fnMap":{"0":{"name":"(anonymous_0)","decl":{"start":{"line":11,"column":2},"end":{"line":11,"column":3}},"loc":{"start":{"line":11,"column":21},"end":{"line":13,"column":3}},"line":11},"1":{"name":"(anonymous_1)","decl":{"start":{"line":15,"column":2},"end":{"line":15,"column":3}},"loc":{"start":{"line":15,"column":11},"end":{"line":42,"column":3}},"line":15},"2":{"name":"(anonymous_2)","decl":{"start":{"line":20,"column":24},"end":{"line":20,"column":25}},"loc":{"start":{"line":20,"column":34},"end":{"line":20,"column":55}},"line":20},"3":{"name":"(anonymous_3)","decl":{"start":{"line":27,"column":19},"end":{"line":27,"column":20}},"loc":{"start":{"line":27,"column":25},"end":{"line":27,"column":65}},"line":27},"4":{"name":"(anonymous_4)","decl":{"start":{"line":34,"column":21},"end":{"line":34,"column":22}},"loc":{"start":{"line":34,"column":27},"end":{"line":37,"column":13}},"line":34},"5":{"name":"(anonymous_5)","decl":{"start":{"line":45,"column":27},"end":{"line":45,"column":28}},"loc":{"start":{"line":45,"column":39},"end":{"line":45,"column":98}},"line":45}},"branchMap":{"0":{"loc":{"start":{"line":30,"column":10},"end":{"line":38,"column":12}},"type":"binary-expr","locations":[{"start":{"line":30,"column":10},"end":{"line":30,"column":25}},{"start":{"line":31,"column":10},"end":{"line":38,"column":12}}],"line":30}},"s":{"0":5,"1":10,"2":1,"3":1,"4":1,"5":1,"6":3,"7":0},"f":{"0":5,"1":10,"2":1,"3":1,"4":1,"5":0},"b":{"0":[10,4]},"_coverageSchema":"332fd63041d2c1bcb487cc26dd0d5f7d97098a6c","hash":"716aa56fcfeae16c6cfd8a5334814d55b5fe67c9"}
,"/Users/mac/hacktiv8/phase3/week2/react-native-challenge/components/VideoCard.js": {"path":"/Users/mac/hacktiv8/phase3/week2/react-native-challenge/components/VideoCard.js","statementMap":{"0":{"start":{"line":13,"column":20},"end":{"line":13,"column":25}},"1":{"start":{"line":14,"column":2},"end":{"line":31,"column":4}},"2":{"start":{"line":16,"column":41},"end":{"line":16,"column":91}},"3":{"start":{"line":26,"column":48},"end":{"line":26,"column":98}}},"fnMap":{"0":{"name":"VideoCard","decl":{"start":{"line":12,"column":9},"end":{"line":12,"column":18}},"loc":{"start":{"line":12,"column":26},"end":{"line":32,"column":1}},"line":12},"1":{"name":"(anonymous_1)","decl":{"start":{"line":16,"column":35},"end":{"line":16,"column":36}},"loc":{"start":{"line":16,"column":41},"end":{"line":16,"column":91}},"line":16},"2":{"name":"(anonymous_2)","decl":{"start":{"line":26,"column":42},"end":{"line":26,"column":43}},"loc":{"start":{"line":26,"column":48},"end":{"line":26,"column":98}},"line":26}},"branchMap":{},"s":{"0":3,"1":3,"2":1,"3":1},"f":{"0":3,"1":1,"2":1},"b":{},"_coverageSchema":"332fd63041d2c1bcb487cc26dd0d5f7d97098a6c","hash":"89800b6ddb3a697574f91cf038c808f816d2b976"}
,"/Users/mac/hacktiv8/phase3/week2/react-native-challenge/components/WatchVideoCard.js": {"path":"/Users/mac/hacktiv8/phase3/week2/react-native-challenge/components/WatchVideoCard.js","statementMap":{"0":{"start":{"line":12,"column":23},"end":{"line":12,"column":28}},"1":{"start":{"line":13,"column":2},"end":{"line":32,"column":4}},"2":{"start":{"line":35,"column":22},"end":{"line":45,"column":2}}},"fnMap":{"0":{"name":"WatchVideoCard","decl":{"start":{"line":11,"column":9},"end":{"line":11,"column":23}},"loc":{"start":{"line":11,"column":31},"end":{"line":33,"column":1}},"line":11}},"branchMap":{},"s":{"0":1,"1":1,"2":3},"f":{"0":1},"b":{},"_coverageSchema":"332fd63041d2c1bcb487cc26dd0d5f7d97098a6c","hash":"1f0d991da9a5466ab0127daddaa03bec4cb1fcc7"}
,"/Users/mac/hacktiv8/phase3/week2/react-native-challenge/pages/Detail.js": {"path":"/Users/mac/hacktiv8/phase3/week2/react-native-challenge/pages/Detail.js","statementMap":{"0":{"start":{"line":20,"column":4},"end":{"line":22,"column":5}},"1":{"start":{"line":26,"column":23},"end":{"line":26,"column":50}},"2":{"start":{"line":27,"column":15},"end":{"line":27,"column":40}},"3":{"start":{"line":28,"column":4},"end":{"line":28,"column":27}},"4":{"start":{"line":32,"column":22},"end":{"line":32,"column":38}},"5":{"start":{"line":33,"column":17},"end":{"line":33,"column":22}},"6":{"start":{"line":34,"column":23},"end":{"line":34,"column":50}},"7":{"start":{"line":35,"column":15},"end":{"line":35,"column":40}},"8":{"start":{"line":37,"column":4},"end":{"line":39,"column":5}},"9":{"start":{"line":38,"column":6},"end":{"line":38,"column":23}},"10":{"start":{"line":40,"column":4},"end":{"line":44,"column":6}},"11":{"start":{"line":49,"column":31},"end":{"line":53,"column":1}},"12":{"start":{"line":50,"column":2},"end":{"line":52,"column":3}},"13":{"start":{"line":54,"column":27},"end":{"line":54,"column":81}},"14":{"start":{"line":54,"column":41},"end":{"line":54,"column":81}}},"fnMap":{"0":{"name":"(anonymous_0)","decl":{"start":{"line":19,"column":29},"end":{"line":19,"column":30}},"loc":{"start":{"line":19,"column":35},"end":{"line":23,"column":3}},"line":19},"1":{"name":"(anonymous_1)","decl":{"start":{"line":25,"column":2},"end":{"line":25,"column":3}},"loc":{"start":{"line":25,"column":23},"end":{"line":29,"column":3}},"line":25},"2":{"name":"(anonymous_2)","decl":{"start":{"line":31,"column":2},"end":{"line":31,"column":3}},"loc":{"start":{"line":31,"column":11},"end":{"line":45,"column":3}},"line":31},"3":{"name":"(anonymous_3)","decl":{"start":{"line":49,"column":31},"end":{"line":49,"column":32}},"loc":{"start":{"line":49,"column":42},"end":{"line":53,"column":1}},"line":49},"4":{"name":"(anonymous_4)","decl":{"start":{"line":54,"column":27},"end":{"line":54,"column":28}},"loc":{"start":{"line":54,"column":41},"end":{"line":54,"column":81}},"line":54}},"branchMap":{"0":{"loc":{"start":{"line":27,"column":15},"end":{"line":27,"column":40}},"type":"cond-expr","locations":[{"start":{"line":27,"column":24},"end":{"line":27,"column":33}},{"start":{"line":27,"column":36},"end":{"line":27,"column":40}}],"line":27},"1":{"loc":{"start":{"line":35,"column":15},"end":{"line":35,"column":40}},"type":"cond-expr","locations":[{"start":{"line":35,"column":24},"end":{"line":35,"column":33}},{"start":{"line":35,"column":36},"end":{"line":35,"column":40}}],"line":35},"2":{"loc":{"start":{"line":37,"column":4},"end":{"line":39,"column":5}},"type":"if","locations":[{"start":{"line":37,"column":4},"end":{"line":39,"column":5}},{"start":{"line":37,"column":4},"end":{"line":39,"column":5}}],"line":37}},"s":{"0":1,"1":3,"2":3,"3":3,"4":3,"5":3,"6":3,"7":3,"8":3,"9":1,"10":2,"11":2,"12":1,"13":2,"14":0},"f":{"0":1,"1":3,"2":3,"3":1,"4":0},"b":{"0":[2,1],"1":[2,1],"2":[1,2]},"_coverageSchema":"332fd63041d2c1bcb487cc26dd0d5f7d97098a6c","hash":"404c8ca2574cc7bc7bedf1c40ae984da82015da9"}
,"/Users/mac/hacktiv8/phase3/week2/react-native-challenge/pages/Home.js": {"path":"/Users/mac/hacktiv8/phase3/week2/react-native-challenge/pages/Home.js","statementMap":{"0":{"start":{"line":16,"column":3},"end":{"line":18,"column":5}},"1":{"start":{"line":23,"column":4},"end":{"line":23,"column":26}},"2":{"start":{"line":25,"column":28},"end":{"line":25,"column":88}},"3":{"start":{"line":28,"column":35},"end":{"line":28,"column":51}},"4":{"start":{"line":29,"column":4},"end":{"line":29,"column":45}},"5":{"start":{"line":29,"column":37},"end":{"line":29,"column":44}},"6":{"start":{"line":30,"column":4},"end":{"line":30,"column":59}},"7":{"start":{"line":30,"column":36},"end":{"line":30,"column":58}},"8":{"start":{"line":31,"column":4},"end":{"line":33,"column":5}},"9":{"start":{"line":32,"column":6},"end":{"line":32,"column":67}},"10":{"start":{"line":32,"column":44},"end":{"line":32,"column":66}},"11":{"start":{"line":34,"column":4},"end":{"line":47,"column":4}},"12":{"start":{"line":35,"column":6},"end":{"line":35,"column":24}},"13":{"start":{"line":37,"column":6},"end":{"line":46,"column":8}},"14":{"start":{"line":51,"column":31},"end":{"line":55,"column":1}},"15":{"start":{"line":52,"column":2},"end":{"line":54,"column":3}},"16":{"start":{"line":56,"column":27},"end":{"line":56,"column":109}},"17":{"start":{"line":56,"column":41},"end":{"line":56,"column":109}}},"fnMap":{"0":{"name":"(anonymous_0)","decl":{"start":{"line":14,"column":29},"end":{"line":14,"column":30}},"loc":{"start":{"line":14,"column":35},"end":{"line":19,"column":3}},"line":14},"1":{"name":"(anonymous_1)","decl":{"start":{"line":21,"column":2},"end":{"line":21,"column":3}},"loc":{"start":{"line":21,"column":23},"end":{"line":24,"column":3}},"line":21},"2":{"name":"(anonymous_2)","decl":{"start":{"line":25,"column":16},"end":{"line":25,"column":17}},"loc":{"start":{"line":25,"column":28},"end":{"line":25,"column":88}},"line":25},"3":{"name":"(anonymous_3)","decl":{"start":{"line":27,"column":2},"end":{"line":27,"column":3}},"loc":{"start":{"line":27,"column":11},"end":{"line":48,"column":3}},"line":27},"4":{"name":"(anonymous_4)","decl":{"start":{"line":29,"column":20},"end":{"line":29,"column":21}},"loc":{"start":{"line":29,"column":37},"end":{"line":29,"column":44}},"line":29},"5":{"name":"(anonymous_5)","decl":{"start":{"line":30,"column":27},"end":{"line":30,"column":28}},"loc":{"start":{"line":30,"column":36},"end":{"line":30,"column":58}},"line":30},"6":{"name":"(anonymous_6)","decl":{"start":{"line":32,"column":35},"end":{"line":32,"column":36}},"loc":{"start":{"line":32,"column":44},"end":{"line":32,"column":66}},"line":32},"7":{"name":"(anonymous_7)","decl":{"start":{"line":51,"column":31},"end":{"line":51,"column":32}},"loc":{"start":{"line":51,"column":42},"end":{"line":55,"column":1}},"line":51},"8":{"name":"(anonymous_8)","decl":{"start":{"line":56,"column":27},"end":{"line":56,"column":28}},"loc":{"start":{"line":56,"column":41},"end":{"line":56,"column":109}},"line":56}},"branchMap":{"0":{"loc":{"start":{"line":31,"column":4},"end":{"line":33,"column":5}},"type":"if","locations":[{"start":{"line":31,"column":4},"end":{"line":33,"column":5}},{"start":{"line":31,"column":4},"end":{"line":33,"column":5}}],"line":31},"1":{"loc":{"start":{"line":34,"column":4},"end":{"line":47,"column":4}},"type":"if","locations":[{"start":{"line":34,"column":4},"end":{"line":47,"column":4}},{"start":{"line":34,"column":4},"end":{"line":47,"column":4}}],"line":34}},"s":{"0":1,"1":4,"2":1,"3":4,"4":4,"5":0,"6":4,"7":2,"8":4,"9":1,"10":1,"11":4,"12":1,"13":3,"14":2,"15":1,"16":2,"17":0},"f":{"0":1,"1":4,"2":1,"3":4,"4":0,"5":2,"6":1,"7":1,"8":0},"b":{"0":[1,3],"1":[1,3]},"_coverageSchema":"332fd63041d2c1bcb487cc26dd0d5f7d97098a6c","hash":"d312a3c5acee2e92f285c0f611a6417aa4a56d09"}
}
