TN:
SF:/Users/mac/hacktiv8/phase3/week2/react-native-challenge/components/Loading.js
FN:4,Loading
FNF:1
FNH:1
FNDA:1,Loading
DA:5,1
DA:12,4
LF:2
LH:2
BRF:0
BRH:0
end_of_record
TN:
SF:/Users/mac/hacktiv8/phase3/week2/react-native-challenge/components/SearchForm.js
FN:11,(anonymous_0)
FN:15,(anonymous_1)
FN:20,(anonymous_2)
FN:27,(anonymous_3)
FN:34,(anonymous_4)
FN:45,(anonymous_5)
FNF:6
FNH:5
FNDA:5,(anonymous_0)
FNDA:10,(anonymous_1)
FNDA:1,(anonymous_2)
FNDA:1,(anonymous_3)
FNDA:1,(anonymous_4)
FNDA:0,(anonymous_5)
DA:12,5
DA:16,10
DA:20,1
DA:27,1
DA:35,1
DA:36,1
DA:45,3
LF:7
LH:7
BRDA:30,0,0,10
BRDA:30,0,1,4
BRF:2
BRH:2
end_of_record
TN:
SF:/Users/mac/hacktiv8/phase3/week2/react-native-challenge/components/VideoCard.js
FN:12,VideoCard
FN:16,(anonymous_1)
FN:26,(anonymous_2)
FNF:3
FNH:3
FNDA:3,VideoCard
FNDA:1,(anonymous_1)
FNDA:1,(anonymous_2)
DA:13,3
DA:14,3
DA:16,1
DA:26,1
LF:4
LH:4
BRF:0
BRH:0
end_of_record
TN:
SF:/Users/mac/hacktiv8/phase3/week2/react-native-challenge/components/WatchVideoCard.js
FN:11,WatchVideoCard
FNF:1
FNH:1
FNDA:1,WatchVideoCard
DA:12,1
DA:13,1
DA:35,3
LF:3
LH:3
BRF:0
BRH:0
end_of_record
TN:
SF:/Users/mac/hacktiv8/phase3/week2/react-native-challenge/pages/Detail.js
FN:19,(anonymous_0)
FN:25,(anonymous_1)
FN:31,(anonymous_2)
FN:49,(anonymous_3)
FN:54,(anonymous_4)
FNF:5
FNH:4
FNDA:1,(anonymous_0)
FNDA:3,(anonymous_1)
FNDA:3,(anonymous_2)
FNDA:1,(anonymous_3)
FNDA:0,(anonymous_4)
DA:20,1
DA:26,3
DA:27,3
DA:28,3
DA:32,3
DA:33,3
DA:34,3
DA:35,3
DA:37,3
DA:38,1
DA:40,2
DA:49,2
DA:50,1
DA:54,2
LF:14
LH:14
BRDA:27,0,0,2
BRDA:27,0,1,1
BRDA:35,1,0,2
BRDA:35,1,1,1
BRDA:37,2,0,1
BRDA:37,2,1,2
BRF:6
BRH:6
end_of_record
TN:
SF:/Users/mac/hacktiv8/phase3/week2/react-native-challenge/pages/Home.js
FN:14,(anonymous_0)
FN:21,(anonymous_1)
FN:25,(anonymous_2)
FN:27,(anonymous_3)
FN:29,(anonymous_4)
FN:30,(anonymous_5)
FN:32,(anonymous_6)
FN:51,(anonymous_7)
FN:56,(anonymous_8)
FNF:9
FNH:7
FNDA:1,(anonymous_0)
FNDA:4,(anonymous_1)
FNDA:1,(anonymous_2)
FNDA:4,(anonymous_3)
FNDA:0,(anonymous_4)
FNDA:2,(anonymous_5)
FNDA:1,(anonymous_6)
FNDA:1,(anonymous_7)
FNDA:0,(anonymous_8)
DA:16,1
DA:23,4
DA:25,1
DA:28,4
DA:29,4
DA:30,4
DA:31,4
DA:32,1
DA:34,4
DA:35,1
DA:37,3
DA:51,2
DA:52,1
DA:56,2
LF:14
LH:14
BRDA:31,0,0,1
BRDA:31,0,1,3
BRDA:34,1,0,1
BRDA:34,1,1,3
BRF:4
BRH:4
end_of_record
